<?xml version="1.0" encoding="UTF-8"?>
<coverage generated="1481310446676" clover="3.2.0">
  <project timestamp="1481310446676" name="All files">
    <metrics statements="11" coveredstatements="8" conditionals="0" coveredconditionals="0" methods="2" coveredmethods="2" elements="13" coveredelements="10" complexity="0" loc="11" ncloc="11" packages="1" files="2" classes="2">
      <file name="Recipe.js" path="/Users/ASJ/Developer/00 KEYCHN/devVODUI/js/Recipe.js">
        <metrics statements="5" coveredstatements="2" conditionals="0" coveredconditionals="0" methods="0" coveredmethods="0"/>
        <line num="2" count="1" type="stmt"/>
        <line num="4" count="1" type="stmt"/>
        <line num="17" count="0" type="stmt"/>
        <line num="18" count="0" type="stmt"/>
        <line num="20" count="0" type="stmt"/>
      </file>
      <file name="Search.js" path="/Users/ASJ/Developer/00 KEYCHN/devVODUI/js/Search.js">
        <metrics statements="6" coveredstatements="6" conditionals="0" coveredconditionals="0" methods="2" coveredmethods="2"/>
        <line num="5" count="1" type="stmt"/>
        <line num="7" count="3" type="stmt"/>
        <line num="12" count="1" type="stmt"/>
        <line num="15" count="4" type="stmt"/>
        <line num="23" count="16" type="stmt"/>
        <line num="25" count="13" type="stmt"/>
      </file>
    </metrics>
  </project>
</coverage>
