{"/Users/ASJ/Developer/00 KEYCHN/devVODUI/js/Recipe.js": {"path":"/Users/ASJ/Developer/00 KEYCHN/devVODUI/js/Recipe.js","statementMap":{"0":{"start":{"line":2,"column":41},"end":{"line":2,"column":56}},"1":{"start":{"line":4,"column":19},"end":{"line":35,"column":2}},"2":{"start":{"line":17,"column":80},"end":{"line":17,"column":90}},"3":{"start":{"line":18,"column":22},"end":{"line":18,"column":35}},"4":{"start":{"line":20,"column":4},"end":{"line":33,"column":5}}},"fnMap":{},"branchMap":{},"s":{"0":1,"1":1,"2":0,"3":0,"4":0},"f":{},"b":{},"_coverageSchema":"332fd63041d2c1bcb487cc26dd0d5f7d97098a6c","hash":"2f852a8585ba22d726eeff3a7f2c5cb9c4c6ada9"}
,"/Users/ASJ/Developer/00 KEYCHN/devVODUI/js/Search.js": {"path":"/Users/ASJ/Developer/00 KEYCHN/devVODUI/js/Search.js","statementMap":{"0":{"start":{"line":5,"column":15},"end":{"line":33,"column":2}},"1":{"start":{"line":7,"column":4},"end":{"line":9,"column":5}},"2":{"start":{"line":12,"column":4},"end":{"line":12,"column":51}},"3":{"start":{"line":15,"column":4},"end":{"line":31,"column":5}},"4":{"start":{"line":23,"column":32},"end":{"line":23,"column":135}},"5":{"start":{"line":25,"column":14},"end":{"line":27,"column":15}}},"fnMap":{"0":{"name":"(anonymous_0)","decl":{"start":{"line":23,"column":20},"end":{"line":23,"column":21}},"loc":{"start":{"line":23,"column":32},"end":{"line":23,"column":135}}},"1":{"name":"(anonymous_1)","decl":{"start":{"line":24,"column":17},"end":{"line":24,"column":18}},"loc":{"start":{"line":24,"column":29},"end":{"line":28,"column":13}}}},"branchMap":{},"s":{"0":1,"1":3,"2":1,"3":4,"4":16,"5":13},"f":{"0":16,"1":13},"b":{},"_coverageSchema":"332fd63041d2c1bcb487cc26dd0d5f7d97098a6c","hash":"f6a710e331afe1bb40d694a3378bf9ee64e1eff3"}
}
